<?xml version="1.0" encoding="UTF-8"?>
<!-- Generated by org.testng.reporters.JUnitXMLReporter -->
<testsuite ignored="1" hostname="LAPTOP-HEFG5CIU" failures="1" tests="7" name="Test" time="0.121" errors="0" timestamp="2022-05-03T16:28:49 IST">
  <testcase classname="prachijoshi.RestAPITest" name="methodC" time="0.014"/>
  <testcase classname="prachijoshi.RestAPITest" name="methodD" time="0.002"/>
  <testcase classname="prachijoshi.SeleniumTest" name="parent" time="0.005">
    <failure type="java.lang.AssertionError" message="expected [true] but found [false]">
      <![CDATA[java.lang.AssertionError: expected [true] but found [false]
at prachijoshi.SeleniumTest.parent(SeleniumTest.java:11)
at java.base/java.util.ArrayList.forEach(ArrayList.java:1511)
... Removed 31 stack frames]]>
    </failure>
  </testcase> <!-- parent -->
  <testcase classname="prachijoshi.SeleniumTest" name="methodF" time="0.002"/>
  <testcase classname="prachijoshi.SeleniumTest" name="child" time="0.001">
    <skipped/>
  </testcase> <!-- child -->
  <testcase classname="prachijoshi.AppiumTest" name="methodA" time="0.002"/>
  <testcase classname="prachijoshi.AppiumTest" name="methodB" time="0.001"/>
  <testcase classname="prachijoshi.SeleniumTest" name="methodE" time="0.0">
    <ignored/>
  </testcase> <!-- methodE -->
</testsuite> <!-- Test -->
